ATTENTION: default value of option mesa_glthread overridden by environment.
console.error: [Exception... "Component is not available"  nsresult: "0x80040111 (NS_ERROR_NOT_AVAILABLE)"  location: "<unknown>"  data: no]
console.error: [Exception... "Component is not available"  nsresult: "0x80040111 (NS_ERROR_NOT_AVAILABLE)"  location: "<unknown>"  data: no]
console.error: [Exception... "Component is not available"  nsresult: "0x80040111 (NS_ERROR_NOT_AVAILABLE)"  location: "<unknown>"  data: no]
JavaScript warning: https://duckduckgo.com/dist/util/u.2b79e5bbb6612ddc1a87.js, line 3: Script terminated by timeout at:
getConfiguredParameters@https://duckduckgo.com/dist/util/u.2b79e5bbb6612ddc1a87.js:3:45611
fire@https://duckduckgo.com/dist/util/u.2b79e5bbb6612ddc1a87.js:3:44326
ready/<@https://duckduckgo.com/dist/g.9cf1ff6620c7b0c63500.js:3:214785

console.error: [Exception... "Component is not available"  nsresult: "0x80040111 (NS_ERROR_NOT_AVAILABLE)"  location: "<unknown>"  data: no]
console.error: [Exception... "Component is not available"  nsresult: "0x80040111 (NS_ERROR_NOT_AVAILABLE)"  location: "<unknown>"  data: no]
console.error: WebExtensions: 
  Message: [Exception... "Component returned failure code: 0x80004005 (NS_ERROR_FAILURE) [nsIPropertyBag.getProperty]"  nsresult: "0x80004005 (NS_ERROR_FAILURE)"  location: "JS frame :: jar:file:///usr/lib/firefox/browser/omni.ja!/chrome/browser/builtin-addons/search-detection/api.js :: stopListener :: line 211"  data: no]
  Stack:
    stopListener@jar:file:///usr/lib/firefox/browser/omni.ja!/chrome/browser/builtin-addons/search-detection/api.js:211:32

console.error: [Exception... "Component is not available"  nsresult: "0x80040111 (NS_ERROR_NOT_AVAILABLE)"  location: "<unknown>"  data: no]
JavaScript error: https://www.google.com/sorry/index?continue=https://www.google.com/search%3Fclient%3Dfirefox-b-d%26q%3Dready%2Bplayer%2Bone%2Bsubtitles&q=EgRoHPuOGKfsiNIGIjD51x1pyvCgZmP1AifLclUJzO8XefYTp9-G1EOjvE9H5qbuqxV_dvw9BR9bXgXGan4yAnJSWgFD, line 1: ReferenceError: solveSimpleChallenge is not defined
ATTENTION: default value of option mesa_glthread overridden by environment.
JavaScript warning: https://www.gstatic.com/recaptcha/releases/MerVUtRoajKEbP7pLiGXkL28/recaptcha__en.js, line 297: WEBGL_debug_renderer_info is deprecated in Firefox and will be removed. Please use RENDERER.
ATTENTION: default value of option mesa_glthread overridden by environment.
JavaScript warning: https://www.gstatic.com/recaptcha/releases/MerVUtRoajKEbP7pLiGXkL28/recaptcha__en.js, line 297: WEBGL_debug_renderer_info is deprecated in Firefox and will be removed. Please use RENDERER.
ATTENTION: default value of option mesa_glthread overridden by environment.
JavaScript warning: https://www.gstatic.com/recaptcha/releases/MerVUtRoajKEbP7pLiGXkL28/recaptcha__en.js, line 297: WEBGL_debug_renderer_info is deprecated in Firefox and will be removed. Please use RENDERER.
console.error: [Exception... "Component is not available"  nsresult: "0x80040111 (NS_ERROR_NOT_AVAILABLE)"  location: "<unknown>"  data: no]
console.error: [Exception... "Component is not available"  nsresult: "0x80040111 (NS_ERROR_NOT_AVAILABLE)"  location: "<unknown>"  data: no]
console.error: [Exception... "Component is not available"  nsresult: "0x80040111 (NS_ERROR_NOT_AVAILABLE)"  location: "<unknown>"  data: no]
ATTENTION: default value of option mesa_glthread overridden by environment.
ATTENTION: default value of option mesa_glthread overridden by environment.
JavaScript warning: https://challenges.cloudflare.com/cdn-cgi/challenge-platform/h/b/turnstile/f/ov2/av0/rch/6nex9/0x4AAAAAAADnOjc0PNeA8qVm/dark/fbE/new/normal?lang=auto, line 1: WEBGL_debug_renderer_info is deprecated in Firefox and will be removed. Please use RENDERER.
JavaScript warning: https://challenges.cloudflare.com/cdn-cgi/challenge-platform/h/b/turnstile/f/ov2/av0/rch/6nex9/0x4AAAAAAADnOjc0PNeA8qVm/dark/fbE/new/normal?lang=auto, line 1: WebGL context was lost.
JavaScript warning: https://challenges.cloudflare.com/cdn-cgi/challenge-platform/h/b/turnstile/f/ov2/av0/rch/6nex9/0x4AAAAAAADnOjc0PNeA8qVm/dark/fbE/new/normal?lang=auto, line 1: WebGL context was lost.
console.error: [Exception... "Component is not available"  nsresult: "0x80040111 (NS_ERROR_NOT_AVAILABLE)"  location: "<unknown>"  data: no]
console.error: [Exception... "Component is not available"  nsresult: "0x80040111 (NS_ERROR_NOT_AVAILABLE)"  location: "<unknown>"  data: no]
console.error: [Exception... "Component is not available"  nsresult: "0x80040111 (NS_ERROR_NOT_AVAILABLE)"  location: "<unknown>"  data: no]
console.error: [Exception... "Component is not available"  nsresult: "0x80040111 (NS_ERROR_NOT_AVAILABLE)"  location: "<unknown>"  data: no]
console.error: [Exception... "Component is not available"  nsresult: "0x80040111 (NS_ERROR_NOT_AVAILABLE)"  location: "<unknown>"  data: no]
console.error: [Exception... "Component is not available"  nsresult: "0x80040111 (NS_ERROR_NOT_AVAILABLE)"  location: "<unknown>"  data: no]
console.error: [Exception... "Component is not available"  nsresult: "0x80040111 (NS_ERROR_NOT_AVAILABLE)"  location: "<unknown>"  data: no]
console.error: [Exception... "Component is not available"  nsresult: "0x80040111 (NS_ERROR_NOT_AVAILABLE)"  location: "<unknown>"  data: no]
console.error: [Exception... "Component is not available"  nsresult: "0x80040111 (NS_ERROR_NOT_AVAILABLE)"  location: "<unknown>"  data: no]
console.error: [Exception... "Component is not available"  nsresult: "0x80040111 (NS_ERROR_NOT_AVAILABLE)"  location: "<unknown>"  data: no]
[Parent 3547, Main Thread] WARNING: g_app_info_get_name: assertion 'G_IS_APP_INFO (appinfo)' failed: 'glib warning', file toolkit/xre/nsSigHandlers.cpp:200

(Firefox:3547): GLib-GIO-CRITICAL **: 12:41:39.317: g_app_info_get_name: assertion 'G_IS_APP_INFO (appinfo)' failed
[Parent 3547, Main Thread] WARNING: g_app_info_get_icon: assertion 'G_IS_APP_INFO (appinfo)' failed: 'glib warning', file toolkit/xre/nsSigHandlers.cpp:200

(Firefox:3547): GLib-GIO-CRITICAL **: 12:41:39.317: g_app_info_get_icon: assertion 'G_IS_APP_INFO (appinfo)' failed
[Parent 3547, Main Thread] WARNING: g_app_info_get_executable: assertion 'G_IS_APP_INFO (appinfo)' failed: 'glib warning', file toolkit/xre/nsSigHandlers.cpp:200

(Firefox:3547): GLib-GIO-CRITICAL **: 12:41:39.317: g_app_info_get_executable: assertion 'G_IS_APP_INFO (appinfo)' failed
[Parent 3547, Main Thread] WARNING: g_app_info_get_name: assertion 'G_IS_APP_INFO (appinfo)' failed: 'glib warning', file toolkit/xre/nsSigHandlers.cpp:200

(Firefox:3547): GLib-GIO-CRITICAL **: 12:41:39.317: g_app_info_get_name: assertion 'G_IS_APP_INFO (appinfo)' failed
console.error: [Exception... "Component is not available"  nsresult: "0x80040111 (NS_ERROR_NOT_AVAILABLE)"  location: "<unknown>"  data: no]
console.error: [Exception... "Component is not available"  nsresult: "0x80040111 (NS_ERROR_NOT_AVAILABLE)"  location: "<unknown>"  data: no]
console.error: [Exception... "Component is not available"  nsresult: "0x80040111 (NS_ERROR_NOT_AVAILABLE)"  location: "<unknown>"  data: no]
console.error: [Exception... "Component is not available"  nsresult: "0x80040111 (NS_ERROR_NOT_AVAILABLE)"  location: "<unknown>"  data: no]
JavaScript warning: https://static.opensubtitles.org/libs/js/jquery/jquery.ui.autocomplete.custom.js?10, line 130: unreachable code after return statement
console.error: [Exception... "Component is not available"  nsresult: "0x80040111 (NS_ERROR_NOT_AVAILABLE)"  location: "<unknown>"  data: no]
console.error: [Exception... "Component is not available"  nsresult: "0x80040111 (NS_ERROR_NOT_AVAILABLE)"  location: "<unknown>"  data: no]
console.error: [Exception... "Component is not available"  nsresult: "0x80040111 (NS_ERROR_NOT_AVAILABLE)"  location: "<unknown>"  data: no]
console.error: [Exception... "Component is not available"  nsresult: "0x80040111 (NS_ERROR_NOT_AVAILABLE)"  location: "<unknown>"  data: no]
console.error: [Exception... "Component is not available"  nsresult: "0x80040111 (NS_ERROR_NOT_AVAILABLE)"  location: "<unknown>"  data: no]
[Parent 3547, Main Thread] WARNING: g_app_info_get_name: assertion 'G_IS_APP_INFO (appinfo)' failed: 'glib warning', file toolkit/xre/nsSigHandlers.cpp:200

(Firefox:3547): GLib-GIO-CRITICAL **: 12:43:37.749: g_app_info_get_name: assertion 'G_IS_APP_INFO (appinfo)' failed
[Parent 3547, Main Thread] WARNING: g_app_info_get_icon: assertion 'G_IS_APP_INFO (appinfo)' failed: 'glib warning', file toolkit/xre/nsSigHandlers.cpp:200

(Firefox:3547): GLib-GIO-CRITICAL **: 12:43:37.749: g_app_info_get_icon: assertion 'G_IS_APP_INFO (appinfo)' failed
[Parent 3547, Main Thread] WARNING: g_app_info_get_executable: assertion 'G_IS_APP_INFO (appinfo)' failed: 'glib warning', file toolkit/xre/nsSigHandlers.cpp:200

(Firefox:3547): GLib-GIO-CRITICAL **: 12:43:37.749: g_app_info_get_executable: assertion 'G_IS_APP_INFO (appinfo)' failed
[Parent 3547, Main Thread] WARNING: g_app_info_get_name: assertion 'G_IS_APP_INFO (appinfo)' failed: 'glib warning', file toolkit/xre/nsSigHandlers.cpp:200

(Firefox:3547): GLib-GIO-CRITICAL **: 12:43:37.749: g_app_info_get_name: assertion 'G_IS_APP_INFO (appinfo)' failed
JavaScript warning: https://github.githubassets.com/assets/environment-84f18c48c0047c1d.js, line 2: Script terminated by timeout at:
351930/<@https://github.githubassets.com/assets/environment-84f18c48c0047c1d.js:2:8737

